#
# A fatal error has been detected by the Java Runtime Environment:
#
#  EXCEPTION_UNCAUGHT_CXX_EXCEPTION (0xe06d7363) at pc=0x00007ffd2c60567c, pid=6740, tid=28104
#
# JRE version: Java(TM) SE Runtime Environment 18.9 (11.0.12+8) (build 11.0.12+8-LTS-237)
# Java VM: Java HotSpot(TM) 64-Bit Server VM 18.9 (11.0.12+8-LTS-237, mixed mode, tiered, compressed oops, g1 gc, windows-amd64)
# Problematic frame:
# C  [KERNELBASE.dll+0x6567c]
#
# No core dump will be written. Minidumps are not enabled by default on client versions of Windows
#
# If you would like to submit a bug report, please visit:
#   https://bugreport.java.com/bugreport/crash.jsp
# The crash happened outside the Java Virtual Machine in native code.
# See problematic frame for where to report the bug.
#

---------------  S U M M A R Y ------------

Command Line: -agentlib:jvmhook -Xrunjvmhook -Xbootclasspath/a:C:\Program Files (x86)\OpenText\UFT Developer\bin\java_shared\classes;C:\Program Files (x86)\OpenText\UFT Developer\bin\java_shared\classes\jasmine.jar C:\Users\monro\AppData\Local\Temp\surefire6082249529875503478\surefirebooter-20240123140126266_3.jar C:\Users\monro\AppData\Local\Temp\surefire6082249529875503478 2024-01-23T14-01-25_949-jvmRun1 surefire-20240123140126266_1tmp surefire_0-20240123140126266_2tmp

Host: 11th Gen Intel(R) Core(TM) i3-1125G4 @ 2.00GHz, 8 cores, 7G,  Windows 10 , 64 bit Build 22621 (10.0.22621.2506)
Time: Tue Jan 23 14:01:27 2024 Hora est. Pacífico, Sudamérica elapsed time: 1.235939 seconds (0d 0h 0m 1s)

---------------  T H R E A D  ---------------

Current thread (0x0000021667647800):  JavaThread "main" [_thread_in_native, id=28104, stack(0x00000051eb800000,0x00000051eb900000)]

Stack: [0x00000051eb800000,0x00000051eb900000],  sp=0x00000051eb8fc810,  free space=1010k
Native frames: (J=compiled Java code, j=interpreted, Vv=VM code, C=native code)
C  [KERNELBASE.dll+0x6567c]
C  [VCRUNTIME140.dll+0x485d]
C  [jvmhook.dll+0x12171]

Java frames: (J=compiled Java code, j=interpreted, Vv=VM code)
J 987  java.lang.ClassLoader.defineClass1(Ljava/lang/ClassLoader;Ljava/lang/String;[BIILjava/security/ProtectionDomain;Ljava/lang/String;)Ljava/lang/Class; java.base@11.0.12 (0 bytes) @ 0x00000216776103fb [0x0000021677610340+0x00000000000000bb]
J 996 c1 java.lang.ClassLoader.defineClass(Ljava/lang/String;[BIILjava/security/ProtectionDomain;)Ljava/lang/Class; java.base@11.0.12 (43 bytes) @ 0x000002167027ac64 [0x000002167027a920+0x0000000000000344]
J 970 c1 jdk.internal.loader.BuiltinClassLoader.defineClass(Ljava/lang/String;Ljdk/internal/loader/Resource;)Ljava/lang/Class; java.base@11.0.12 (121 bytes) @ 0x0000021670261a04 [0x00000216702614a0+0x0000000000000564]
J 771 c1 jdk.internal.loader.BuiltinClassLoader.findClassOnClassPathOrNull(Ljava/lang/String;)Ljava/lang/Class; java.base@11.0.12 (64 bytes) @ 0x000002167020f48c [0x000002167020f2a0+0x00000000000001ec]
J 553 c1 jdk.internal.loader.BuiltinClassLoader.loadClassOrNull(Ljava/lang/String;Z)Ljava/lang/Class; java.base@11.0.12 (143 bytes) @ 0x0000021670187bfc [0x0000021670186ae0+0x000000000000111c]
J 697 c1 jdk.internal.loader.ClassLoaders$AppClassLoader.loadClass(Ljava/lang/String;Z)Ljava/lang/Class; java.base@11.0.12 (40 bytes) @ 0x00000216701d4784 [0x00000216701d41e0+0x00000000000005a4]
J 688 c1 java.lang.ClassLoader.loadClass(Ljava/lang/String;)Ljava/lang/Class; java.base@11.0.12 (7 bytes) @ 0x00000216701ceebc [0x00000216701cedc0+0x00000000000000fc]
J 1406 c1 cucumber.runtime.io.ResourceLoaderClassFinder.loadClass(Ljava/lang/String;)Ljava/lang/Class; (9 bytes) @ 0x000002167033673c [0x0000021670336640+0x00000000000000fc]
j  cucumber.runtime.io.ResourceLoaderClassFinder.getDescendants(Ljava/lang/Class;Ljava/lang/String;)Ljava/util/Collection;+100
j  cucumber.runtime.java.MethodScanner.scan(Lcucumber/runtime/java/JavaBackend;Ljava/util/List;)V+38
j  cucumber.runtime.java.JavaBackend.loadGlue(Lcucumber/runtime/Glue;Ljava/util/List;)V+11
j  cucumber.runner.Runner.<init>(Lcucumber/runtime/Glue;Lcucumber/runner/EventBus;Ljava/util/Collection;Lcucumber/runtime/RuntimeOptions;)V+63
j  cucumber.runtime.Runtime.<init>(Lcucumber/runtime/io/ResourceLoader;Ljava/lang/ClassLoader;Ljava/util/Collection;Lcucumber/runtime/RuntimeOptions;Lcucumber/runner/TimeService;Lcucumber/runtime/Glue;)V+136
j  cucumber.runtime.Runtime.<init>(Lcucumber/runtime/io/ResourceLoader;Ljava/lang/ClassLoader;Ljava/util/Collection;Lcucumber/runtime/RuntimeOptions;)V+10
j  cucumber.runtime.Runtime.<init>(Lcucumber/runtime/io/ResourceLoader;Lcucumber/runtime/ClassFinder;Ljava/lang/ClassLoader;Lcucumber/runtime/RuntimeOptions;)V+10
j  net.serenitybdd.cucumber.CucumberWithSerenityRuntime.createSerenityEnabledRuntime(Lcucumber/runtime/io/ResourceLoader;Ljava/lang/ClassLoader;Lcucumber/runtime/ClassFinder;Lcucumber/runtime/RuntimeOptions;Lnet/thucydides/core/webdriver/Configuration;)Lcucumber/runtime/Runtime;+42
j  net.serenitybdd.cucumber.CucumberWithSerenityRuntime.using(Lcucumber/runtime/io/ResourceLoader;Ljava/lang/ClassLoader;Lcucumber/runtime/RuntimeOptions;)Lcucumber/runtime/Runtime;+19
j  net.serenitybdd.cucumber.CucumberWithSerenity.createRuntime(Lcucumber/runtime/io/ResourceLoader;Ljava/lang/ClassLoader;Lcucumber/runtime/RuntimeOptions;)Lcucumber/runtime/Runtime;+41
j  cucumber.api.junit.Cucumber.<init>(Ljava/lang/Class;)V+57
j  net.serenitybdd.cucumber.CucumberWithSerenity.<init>(Ljava/lang/Class;)V+2
v  ~StubRoutines::call_stub
j  jdk.internal.reflect.NativeConstructorAccessorImpl.newInstance0(Ljava/lang/reflect/Constructor;[Ljava/lang/Object;)Ljava/lang/Object;+0 java.base@11.0.12
j  jdk.internal.reflect.NativeConstructorAccessorImpl.newInstance([Ljava/lang/Object;)Ljava/lang/Object;+85 java.base@11.0.12
j  jdk.internal.reflect.DelegatingConstructorAccessorImpl.newInstance([Ljava/lang/Object;)Ljava/lang/Object;+5 java.base@11.0.12
j  java.lang.reflect.Constructor.newInstance([Ljava/lang/Object;)Ljava/lang/Object;+68 java.base@11.0.12
j  org.junit.internal.builders.AnnotatedBuilder.buildRunner(Ljava/lang/Class;Ljava/lang/Class;)Lorg/junit/runner/Runner;+22
j  org.junit.internal.builders.AnnotatedBuilder.runnerForClass(Ljava/lang/Class;)Lorg/junit/runner/Runner;+29
j  org.junit.runners.model.RunnerBuilder.safeRunnerForClass(Ljava/lang/Class;)Lorg/junit/runner/Runner;+2
j  org.junit.internal.builders.AllDefaultPossibilitiesBuilder.runnerForClass(Ljava/lang/Class;)Lorg/junit/runner/Runner;+73
j  org.junit.runners.model.RunnerBuilder.safeRunnerForClass(Ljava/lang/Class;)Lorg/junit/runner/Runner;+2
j  org.junit.internal.requests.ClassRequest.getRunner()Lorg/junit/runner/Runner;+37
j  org.apache.maven.surefire.junit4.JUnit4Provider.execute(Ljava/lang/Class;Lorg/apache/maven/surefire/common/junit4/Notifier;Lorg/junit/runner/manipulation/Filter;)V+39
j  org.apache.maven.surefire.junit4.JUnit4Provider.executeWithRerun(Ljava/lang/Class;Lorg/apache/maven/surefire/common/junit4/Notifier;Lorg/apache/maven/surefire/report/RunModeSetter;)V+62
j  org.apache.maven.surefire.junit4.JUnit4Provider.executeTestSet(Ljava/lang/Class;Lorg/apache/maven/surefire/api/report/RunListener;Lorg/apache/maven/surefire/common/junit4/Notifier;Lorg/apache/maven/surefire/report/RunModeSetter;)V+53
j  org.apache.maven.surefire.junit4.JUnit4Provider.invoke(Ljava/lang/Object;)Lorg/apache/maven/surefire/api/suite/RunResult;+217
j  org.apache.maven.surefire.booter.ForkedBooter.runSuitesInProcess()V+8
j  org.apache.maven.surefire.booter.ForkedBooter.execute()V+1
j  org.apache.maven.surefire.booter.ForkedBooter.run(Lorg/apache/maven/surefire/booter/ForkedBooter;[Ljava/lang/String;)V+27
j  org.apache.maven.surefire.booter.ForkedBooter.main([Ljava/lang/String;)V+10
v  ~StubRoutines::call_stub

siginfo: EXCEPTION_UNCAUGHT_CXX_EXCEPTION (0xe06d7363), ExceptionInformation=0x0000000019930520 0x00000051eb8fc980 0x0000000180021568 0x0000000180000000 


Register to memory mapping:

RIP=0x00007ffd2c60567c KERNELBASE.dll
RAX=0x00000051eb8fbbb0 is pointing into the stack for thread: 0x0000021667647800
RBX=0x0000000180021568 jvmhook.dll
RCX=0x0 is NULL
RDX=0x00000051eb8fbbb0 is pointing into the stack for thread: 0x0000021667647800
RSP=0x00000051eb8fc810 is pointing into the stack for thread: 0x0000021667647800
RBP=0x00000051eb8fc950 is pointing into the stack for thread: 0x0000021667647800
RSI=0x0000000000006765 is an unknown value
RDI=0x00000051eb8fc980 is pointing into the stack for thread: 0x0000021667647800
R8 =0x0000ec534a00aae0 is an unknown value
R9 =0x00000051eb8fc9d0 is pointing into the stack for thread: 0x0000021667647800
R10=0x00007ffd4a00aae0 is an unknown value
R11=0x00000000000000d9 is an unknown value
R12=0x0000021665402a08 points into unknown readable memory: 0x0000000089f01138 | 38 11 f0 89 00 00 00 00
R13=0x0000021667647e30 points into unknown readable memory: 0x0000000000000000 | 00 00 00 00 00 00 00 00
R14=0x00000051eb8fcd70 is pointing into the stack for thread: 0x0000021667647800
R15=0x0000000000000118 is an unknown value


Registers:
RAX=0x00000051eb8fbbb0, RBX=0x0000000180021568, RCX=0x0000000000000000, RDX=0x00000051eb8fbbb0
RSP=0x00000051eb8fc810, RBP=0x00000051eb8fc950, RSI=0x0000000000006765, RDI=0x00000051eb8fc980
R8 =0x0000ec534a00aae0, R9 =0x00000051eb8fc9d0, R10=0x00007ffd4a00aae0, R11=0x00000000000000d9
R12=0x0000021665402a08, R13=0x0000021667647e30, R14=0x00000051eb8fcd70, R15=0x0000000000000118
RIP=0x00007ffd2c60567c, EFLAGS=0x0000000000000206

Top of Stack: (sp=0x00000051eb8fc810)
0x00000051eb8fc810:   0000000000000003 0000000180021568
0x00000051eb8fc820:   0000000000006765 00000051eb8fcd70
0x00000051eb8fc830:   00000081e06d7363 0000000000000000
0x00000051eb8fc840:   00007ffd2c60567c 0000000000000004
0x00000051eb8fc850:   0000000019930520 00000051eb8fc980
0x00000051eb8fc860:   0000000180021568 0000000180000000
0x00000051eb8fc870:   0000000000000000 00007ffce3a60000
0x00000051eb8fc880:   0000000000000000 0000000180021568
0x00000051eb8fc890:   00000051eb8fcd70 00007ffd2efc65bf
0x00000051eb8fc8a0:   00000051eb8fc960 0000000180026000
0x00000051eb8fc8b0:   0000000000006765 00000051eb8fc980
0x00000051eb8fc8c0:   0000000180026000 0000000180000000
0x00000051eb8fc8d0:   0000cc73efb5878c 0000000000000000
0x00000051eb8fc8e0:   0000000180021568 00007ffcf1d7485d
0x00000051eb8fc8f0:   00000051eb8fc980 0000000100000000
0x00000051eb8fc900:   00000051eb8fcd70 00000051eb8fcaa0 

Instructions: (pc=0x00007ffd2c60567c)
0x00007ffd2c60565c:   0f 46 c0 44 8b c0 44 89 44 24 38 49 c1 e0 03 e8
0x00007ffd2c60566c:   77 ec 05 00 48 8d 4c 24 20 48 ff 15 c4 b2 1f 00
0x00007ffd2c60567c:   0f 1f 44 00 00 48 8b 8c 24 c0 00 00 00 48 33 cc
0x00007ffd2c60568c:   e8 bf 2f 05 00 48 81 c4 d8 00 00 00 c3 cc 83 64 


Stack slot to memory mapping:
stack at sp + 0 slots: 0x0000000000000003 is an unknown value
stack at sp + 1 slots: 0x0000000180021568 jvmhook.dll
stack at sp + 2 slots: 0x0000000000006765 is an unknown value
stack at sp + 3 slots: 0x00000051eb8fcd70 is pointing into the stack for thread: 0x0000021667647800
stack at sp + 4 slots: 0x00000081e06d7363 is an unknown value
stack at sp + 5 slots: 0x0 is NULL
stack at sp + 6 slots: 0x00007ffd2c60567c KERNELBASE.dll
stack at sp + 7 slots: 0x0000000000000004 is an unknown value


---------------  P R O C E S S  ---------------

Threads class SMR info:
_java_thread_list=0x00000216070c33e0, length=12, elements={
0x0000021667647800, 0x000002160632a800, 0x0000021606350000, 0x0000021606368000,
0x000002160636c000, 0x0000021606ca0800, 0x0000021606ca1800, 0x0000021606ca2800,
0x0000021606ca4000, 0x0000021606e8d000, 0x0000021607a1f800, 0x000002160772e000
}

Java Threads: ( => current thread )
=>0x0000021667647800 JavaThread "main" [_thread_in_native, id=28104, stack(0x00000051eb800000,0x00000051eb900000)]
  0x000002160632a800 JavaThread "Reference Handler" daemon [_thread_blocked, id=16176, stack(0x00000051ebf00000,0x00000051ec000000)]
  0x0000021606350000 JavaThread "Finalizer" daemon [_thread_blocked, id=35604, stack(0x00000051ec000000,0x00000051ec100000)]
  0x0000021606368000 JavaThread "Signal Dispatcher" daemon [_thread_blocked, id=2780, stack(0x00000051ec100000,0x00000051ec200000)]
  0x000002160636c000 JavaThread "Attach Listener" daemon [_thread_blocked, id=17788, stack(0x00000051ec200000,0x00000051ec300000)]
  0x0000021606ca0800 JavaThread "Service Thread" daemon [_thread_blocked, id=25592, stack(0x00000051ec300000,0x00000051ec400000)]
  0x0000021606ca1800 JavaThread "C2 CompilerThread0" daemon [_thread_in_native, id=32428, stack(0x00000051ec400000,0x00000051ec500000)]
  0x0000021606ca2800 JavaThread "C1 CompilerThread0" daemon [_thread_blocked, id=3136, stack(0x00000051ec500000,0x00000051ec600000)]
  0x0000021606ca4000 JavaThread "Sweeper thread" daemon [_thread_blocked, id=24160, stack(0x00000051ec600000,0x00000051ec700000)]
  0x0000021606e8d000 JavaThread "Common-Cleaner" daemon [_thread_blocked, id=22840, stack(0x00000051ec800000,0x00000051ec900000)]
  0x0000021607a1f800 JavaThread "surefire-forkedjvm-stream-flusher" daemon [_thread_blocked, id=18424, stack(0x00000051ec900000,0x00000051eca00000)]
  0x000002160772e000 JavaThread "surefire-forkedjvm-command-thread" daemon [_thread_in_native, id=23936, stack(0x00000051eca00000,0x00000051ecb00000)]

Other Threads:
  0x0000021606328000 VMThread "VM Thread" [stack: 0x00000051ebe00000,0x00000051ebf00000] [id=21704]
  0x0000021606e8c000 WatcherThread [stack: 0x00000051ec700000,0x00000051ec800000] [id=34128]
  0x000002166765e000 GCTaskThread "GC Thread#0" [stack: 0x00000051eb900000,0x00000051eba00000] [id=27196]
  0x0000021607a6e000 GCTaskThread "GC Thread#1" [stack: 0x00000051ecb00000,0x00000051ecc00000] [id=19332]
  0x0000021607a6f000 GCTaskThread "GC Thread#2" [stack: 0x00000051ecc00000,0x00000051ecd00000] [id=30612]
  0x000002166768e000 ConcurrentGCThread "G1 Main Marker" [stack: 0x00000051eba00000,0x00000051ebb00000] [id=14228]
  0x0000021667690800 ConcurrentGCThread "G1 Conc#0" [stack: 0x00000051ebb00000,0x00000051ebc00000] [id=18364]
  0x000002166770d800 ConcurrentGCThread "G1 Refine#0" [stack: 0x00000051ebc00000,0x00000051ebd00000] [id=34064]
  0x0000021606196800 ConcurrentGCThread "G1 Young RemSet Sampling" [stack: 0x00000051ebd00000,0x00000051ebe00000] [id=26712]

Threads with active compile tasks:
C2 CompilerThread0   1256 1440   !   4       java.net.URL::<init> (543 bytes)

VM state:not at safepoint (normal execution)

VM Mutex/Monitor currently owned by a thread: None

Heap address: 0x0000000083a00000, size: 1990 MB, Compressed Oops mode: 32-bit
Narrow klass base: 0x0000000000000000, Narrow klass shift: 3
Compressed class space size: 1073741824 Address: 0x0000000100000000

Heap:
 garbage-first heap   total 129024K, used 58469K [0x0000000083a00000, 0x0000000100000000)
  region size 1024K, 49 young (50176K), 3 survivors (3072K)
 Metaspace       used 18126K, capacity 18362K, committed 18432K, reserved 1064960K
  class space    used 1973K, capacity 2034K, committed 2048K, reserved 1048576K
Heap Regions: E=young(eden), S=young(survivor), O=old, HS=humongous(starts), HC=humongous(continues), CS=collection set, F=free, A=archive, TAMS=top-at-mark-start (previous, next)
|   0|0x0000000083a00000, 0x0000000083b00000, 0x0000000083b00000|100%|HS|  |TAMS 0x0000000083a00000, 0x0000000083a00000| Complete 
|   1|0x0000000083b00000, 0x0000000083c00000, 0x0000000083c00000|100%|HS|  |TAMS 0x0000000083b00000, 0x0000000083b00000| Complete 
|   2|0x0000000083c00000, 0x0000000083d00000, 0x0000000083d00000|100%|HC|  |TAMS 0x0000000083c00000, 0x0000000083c00000| Complete 
|   3|0x0000000083d00000, 0x0000000083e00000, 0x0000000083e00000|100%| O|  |TAMS 0x0000000083d00000, 0x0000000083d00000| Untracked 
|   4|0x0000000083e00000, 0x0000000083f00000, 0x0000000083f00000|100%| O|  |TAMS 0x0000000083e00000, 0x0000000083e00000| Untracked 
|   5|0x0000000083f00000, 0x0000000084000000, 0x0000000084000000|100%| O|  |TAMS 0x0000000083f00000, 0x0000000083f00000| Untracked 
|   6|0x0000000084000000, 0x0000000084100000, 0x0000000084100000|100%| O|  |TAMS 0x0000000084000000, 0x0000000084000000| Untracked 
|   7|0x0000000084100000, 0x0000000084200000, 0x0000000084200000|100%| O|  |TAMS 0x0000000084100000, 0x0000000084100000| Untracked 
|   8|0x0000000084200000, 0x0000000084300000, 0x0000000084300000|100%| O|  |TAMS 0x0000000084200000, 0x0000000084200000| Untracked 
|   9|0x0000000084300000, 0x0000000084319400, 0x0000000084400000|  9%| O|  |TAMS 0x0000000084300000, 0x0000000084300000| Untracked 
|  10|0x0000000084400000, 0x0000000084400000, 0x0000000084500000|  0%| F|  |TAMS 0x0000000084400000, 0x0000000084400000| Untracked 
|  11|0x0000000084500000, 0x0000000084500000, 0x0000000084600000|  0%| F|  |TAMS 0x0000000084500000, 0x0000000084500000| Untracked 
|  12|0x0000000084600000, 0x0000000084600000, 0x0000000084700000|  0%| F|  |TAMS 0x0000000084600000, 0x0000000084600000| Untracked 
|  13|0x0000000084700000, 0x0000000084700000, 0x0000000084800000|  0%| F|  |TAMS 0x0000000084700000, 0x0000000084700000| Untracked 
|  14|0x0000000084800000, 0x0000000084800000, 0x0000000084900000|  0%| F|  |TAMS 0x0000000084800000, 0x0000000084800000| Untracked 
|  15|0x0000000084900000, 0x0000000084900000, 0x0000000084a00000|  0%| F|  |TAMS 0x0000000084900000, 0x0000000084900000| Untracked 
|  16|0x0000000084a00000, 0x0000000084a00000, 0x0000000084b00000|  0%| F|  |TAMS 0x0000000084a00000, 0x0000000084a00000| Untracked 
|  17|0x0000000084b00000, 0x0000000084b00000, 0x0000000084c00000|  0%| F|  |TAMS 0x0000000084b00000, 0x0000000084b00000| Untracked 
|  18|0x0000000084c00000, 0x0000000084c00000, 0x0000000084d00000|  0%| F|  |TAMS 0x0000000084c00000, 0x0000000084c00000| Untracked 
|  19|0x0000000084d00000, 0x0000000084d00000, 0x0000000084e00000|  0%| F|  |TAMS 0x0000000084d00000, 0x0000000084d00000| Untracked 
|  20|0x0000000084e00000, 0x0000000084e00000, 0x0000000084f00000|  0%| F|  |TAMS 0x0000000084e00000, 0x0000000084e00000| Untracked 
|  21|0x0000000084f00000, 0x0000000084f00000, 0x0000000085000000|  0%| F|  |TAMS 0x0000000084f00000, 0x0000000084f00000| Untracked 
|  22|0x0000000085000000, 0x0000000085000000, 0x0000000085100000|  0%| F|  |TAMS 0x0000000085000000, 0x0000000085000000| Untracked 
|  23|0x0000000085100000, 0x0000000085100000, 0x0000000085200000|  0%| F|  |TAMS 0x0000000085100000, 0x0000000085100000| Untracked 
|  24|0x0000000085200000, 0x0000000085200000, 0x0000000085300000|  0%| F|  |TAMS 0x0000000085200000, 0x0000000085200000| Untracked 
|  25|0x0000000085300000, 0x0000000085300000, 0x0000000085400000|  0%| F|  |TAMS 0x0000000085300000, 0x0000000085300000| Untracked 
|  26|0x0000000085400000, 0x0000000085400000, 0x0000000085500000|  0%| F|  |TAMS 0x0000000085400000, 0x0000000085400000| Untracked 
|  27|0x0000000085500000, 0x0000000085500000, 0x0000000085600000|  0%| F|  |TAMS 0x0000000085500000, 0x0000000085500000| Untracked 
|  28|0x0000000085600000, 0x0000000085600000, 0x0000000085700000|  0%| F|  |TAMS 0x0000000085600000, 0x0000000085600000| Untracked 
|  29|0x0000000085700000, 0x0000000085700000, 0x0000000085800000|  0%| F|  |TAMS 0x0000000085700000, 0x0000000085700000| Untracked 
|  30|0x0000000085800000, 0x0000000085800000, 0x0000000085900000|  0%| F|  |TAMS 0x0000000085800000, 0x0000000085800000| Untracked 
|  31|0x0000000085900000, 0x0000000085900000, 0x0000000085a00000|  0%| F|  |TAMS 0x0000000085900000, 0x0000000085900000| Untracked 
|  32|0x0000000085a00000, 0x0000000085a00000, 0x0000000085b00000|  0%| F|  |TAMS 0x0000000085a00000, 0x0000000085a00000| Untracked 
|  33|0x0000000085b00000, 0x0000000085b00000, 0x0000000085c00000|  0%| F|  |TAMS 0x0000000085b00000, 0x0000000085b00000| Untracked 
|  34|0x0000000085c00000, 0x0000000085c00000, 0x0000000085d00000|  0%| F|  |TAMS 0x0000000085c00000, 0x0000000085c00000| Untracked 
|  35|0x0000000085d00000, 0x0000000085d00000, 0x0000000085e00000|  0%| F|  |TAMS 0x0000000085d00000, 0x0000000085d00000| Untracked 
|  36|0x0000000085e00000, 0x0000000085e00000, 0x0000000085f00000|  0%| F|  |TAMS 0x0000000085e00000, 0x0000000085e00000| Untracked 
|  37|0x0000000085f00000, 0x0000000085f00000, 0x0000000086000000|  0%| F|  |TAMS 0x0000000085f00000, 0x0000000085f00000| Untracked 
|  38|0x0000000086000000, 0x0000000086000000, 0x0000000086100000|  0%| F|  |TAMS 0x0000000086000000, 0x0000000086000000| Untracked 
|  39|0x0000000086100000, 0x0000000086100000, 0x0000000086200000|  0%| F|  |TAMS 0x0000000086100000, 0x0000000086100000| Untracked 
|  40|0x0000000086200000, 0x0000000086200000, 0x0000000086300000|  0%| F|  |TAMS 0x0000000086200000, 0x0000000086200000| Untracked 
|  41|0x0000000086300000, 0x0000000086300000, 0x0000000086400000|  0%| F|  |TAMS 0x0000000086300000, 0x0000000086300000| Untracked 
|  42|0x0000000086400000, 0x0000000086400000, 0x0000000086500000|  0%| F|  |TAMS 0x0000000086400000, 0x0000000086400000| Untracked 
|  43|0x0000000086500000, 0x0000000086500000, 0x0000000086600000|  0%| F|  |TAMS 0x0000000086500000, 0x0000000086500000| Untracked 
|  44|0x0000000086600000, 0x0000000086600000, 0x0000000086700000|  0%| F|  |TAMS 0x0000000086600000, 0x0000000086600000| Untracked 
|  45|0x0000000086700000, 0x0000000086700000, 0x0000000086800000|  0%| F|  |TAMS 0x0000000086700000, 0x0000000086700000| Untracked 
|  46|0x0000000086800000, 0x0000000086800000, 0x0000000086900000|  0%| F|  |TAMS 0x0000000086800000, 0x0000000086800000| Untracked 
|  47|0x0000000086900000, 0x0000000086900000, 0x0000000086a00000|  0%| F|  |TAMS 0x0000000086900000, 0x0000000086900000| Untracked 
|  48|0x0000000086a00000, 0x0000000086a00000, 0x0000000086b00000|  0%| F|  |TAMS 0x0000000086a00000, 0x0000000086a00000| Untracked 
|  49|0x0000000086b00000, 0x0000000086b00000, 0x0000000086c00000|  0%| F|  |TAMS 0x0000000086b00000, 0x0000000086b00000| Untracked 
|  50|0x0000000086c00000, 0x0000000086c00000, 0x0000000086d00000|  0%| F|  |TAMS 0x0000000086c00000, 0x0000000086c00000| Untracked 
|  51|0x0000000086d00000, 0x0000000086d00000, 0x0000000086e00000|  0%| F|  |TAMS 0x0000000086d00000, 0x0000000086d00000| Untracked 
|  52|0x0000000086e00000, 0x0000000086e00000, 0x0000000086f00000|  0%| F|  |TAMS 0x0000000086e00000, 0x0000000086e00000| Untracked 
|  53|0x0000000086f00000, 0x0000000086f00000, 0x0000000087000000|  0%| F|  |TAMS 0x0000000086f00000, 0x0000000086f00000| Untracked 
|  54|0x0000000087000000, 0x0000000087000000, 0x0000000087100000|  0%| F|  |TAMS 0x0000000087000000, 0x0000000087000000| Untracked 
|  55|0x0000000087100000, 0x0000000087100000, 0x0000000087200000|  0%| F|  |TAMS 0x0000000087100000, 0x0000000087100000| Untracked 
|  56|0x0000000087200000, 0x0000000087200000, 0x0000000087300000|  0%| F|  |TAMS 0x0000000087200000, 0x0000000087200000| Untracked 
|  57|0x0000000087300000, 0x0000000087300000, 0x0000000087400000|  0%| F|  |TAMS 0x0000000087300000, 0x0000000087300000| Untracked 
|  58|0x0000000087400000, 0x0000000087400000, 0x0000000087500000|  0%| F|  |TAMS 0x0000000087400000, 0x0000000087400000| Untracked 
|  59|0x0000000087500000, 0x0000000087500000, 0x0000000087600000|  0%| F|  |TAMS 0x0000000087500000, 0x0000000087500000| Untracked 
|  60|0x0000000087600000, 0x0000000087600000, 0x0000000087700000|  0%| F|  |TAMS 0x0000000087600000, 0x0000000087600000| Untracked 
|  61|0x0000000087700000, 0x0000000087700000, 0x0000000087800000|  0%| F|  |TAMS 0x0000000087700000, 0x0000000087700000| Untracked 
|  62|0x0000000087800000, 0x0000000087800000, 0x0000000087900000|  0%| F|  |TAMS 0x0000000087800000, 0x0000000087800000| Untracked 
|  63|0x0000000087900000, 0x0000000087900000, 0x0000000087a00000|  0%| F|  |TAMS 0x0000000087900000, 0x0000000087900000| Untracked 
|  64|0x0000000087a00000, 0x0000000087a00000, 0x0000000087b00000|  0%| F|  |TAMS 0x0000000087a00000, 0x0000000087a00000| Untracked 
|  65|0x0000000087b00000, 0x0000000087b00000, 0x0000000087c00000|  0%| F|  |TAMS 0x0000000087b00000, 0x0000000087b00000| Untracked 
|  66|0x0000000087c00000, 0x0000000087c00000, 0x0000000087d00000|  0%| F|  |TAMS 0x0000000087c00000, 0x0000000087c00000| Untracked 
|  67|0x0000000087d00000, 0x0000000087d00000, 0x0000000087e00000|  0%| F|  |TAMS 0x0000000087d00000, 0x0000000087d00000| Untracked 
|  68|0x0000000087e00000, 0x0000000087e00000, 0x0000000087f00000|  0%| F|  |TAMS 0x0000000087e00000, 0x0000000087e00000| Untracked 
|  69|0x0000000087f00000, 0x0000000087f00000, 0x0000000088000000|  0%| F|  |TAMS 0x0000000087f00000, 0x0000000087f00000| Untracked 
|  70|0x0000000088000000, 0x0000000088000000, 0x0000000088100000|  0%| F|  |TAMS 0x0000000088000000, 0x0000000088000000| Untracked 
|  71|0x0000000088100000, 0x0000000088100000, 0x0000000088200000|  0%| F|  |TAMS 0x0000000088100000, 0x0000000088100000| Untracked 
|  72|0x0000000088200000, 0x0000000088200000, 0x0000000088300000|  0%| F|  |TAMS 0x0000000088200000, 0x0000000088200000| Untracked 
|  73|0x0000000088300000, 0x0000000088300000, 0x0000000088400000|  0%| F|  |TAMS 0x0000000088300000, 0x0000000088300000| Untracked 
|  74|0x0000000088400000, 0x0000000088400000, 0x0000000088500000|  0%| F|  |TAMS 0x0000000088400000, 0x0000000088400000| Untracked 
|  75|0x0000000088500000, 0x0000000088500000, 0x0000000088600000|  0%| F|  |TAMS 0x0000000088500000, 0x0000000088500000| Untracked 
|  76|0x0000000088600000, 0x0000000088600000, 0x0000000088700000|  0%| F|  |TAMS 0x0000000088600000, 0x0000000088600000| Untracked 
|  77|0x0000000088700000, 0x0000000088800000, 0x0000000088800000|100%| E|  |TAMS 0x0000000088700000, 0x0000000088700000| Complete 
|  78|0x0000000088800000, 0x0000000088900000, 0x0000000088900000|100%| E|CS|TAMS 0x0000000088800000, 0x0000000088800000| Complete 
|  79|0x0000000088900000, 0x0000000088a00000, 0x0000000088a00000|100%| E|CS|TAMS 0x0000000088900000, 0x0000000088900000| Complete 
|  80|0x0000000088a00000, 0x0000000088b00000, 0x0000000088b00000|100%| E|CS|TAMS 0x0000000088a00000, 0x0000000088a00000| Complete 
|  81|0x0000000088b00000, 0x0000000088c00000, 0x0000000088c00000|100%| E|CS|TAMS 0x0000000088b00000, 0x0000000088b00000| Complete 
|  82|0x0000000088c00000, 0x0000000088d00000, 0x0000000088d00000|100%| E|CS|TAMS 0x0000000088c00000, 0x0000000088c00000| Complete 
|  83|0x0000000088d00000, 0x0000000088e00000, 0x0000000088e00000|100%| E|CS|TAMS 0x0000000088d00000, 0x0000000088d00000| Complete 
|  84|0x0000000088e00000, 0x0000000088f00000, 0x0000000088f00000|100%| E|CS|TAMS 0x0000000088e00000, 0x0000000088e00000| Complete 
|  85|0x0000000088f00000, 0x0000000089000000, 0x0000000089000000|100%| E|CS|TAMS 0x0000000088f00000, 0x0000000088f00000| Complete 
|  86|0x0000000089000000, 0x0000000089100000, 0x0000000089100000|100%| E|CS|TAMS 0x0000000089000000, 0x0000000089000000| Complete 
|  87|0x0000000089100000, 0x0000000089200000, 0x0000000089200000|100%| E|CS|TAMS 0x0000000089100000, 0x0000000089100000| Complete 
|  88|0x0000000089200000, 0x0000000089300000, 0x0000000089300000|100%| E|CS|TAMS 0x0000000089200000, 0x0000000089200000| Complete 
|  89|0x0000000089300000, 0x0000000089400000, 0x0000000089400000|100%| E|CS|TAMS 0x0000000089300000, 0x0000000089300000| Complete 
|  90|0x0000000089400000, 0x0000000089500000, 0x0000000089500000|100%| E|CS|TAMS 0x0000000089400000, 0x0000000089400000| Complete 
|  91|0x0000000089500000, 0x0000000089600000, 0x0000000089600000|100%| E|CS|TAMS 0x0000000089500000, 0x0000000089500000| Complete 
|  92|0x0000000089600000, 0x0000000089700000, 0x0000000089700000|100%| E|CS|TAMS 0x0000000089600000, 0x0000000089600000| Complete 
|  93|0x0000000089700000, 0x0000000089800000, 0x0000000089800000|100%| E|CS|TAMS 0x0000000089700000, 0x0000000089700000| Complete 
|  94|0x0000000089800000, 0x0000000089900000, 0x0000000089900000|100%| E|CS|TAMS 0x0000000089800000, 0x0000000089800000| Complete 
|  95|0x0000000089900000, 0x0000000089a00000, 0x0000000089a00000|100%| E|CS|TAMS 0x0000000089900000, 0x0000000089900000| Complete 
|  96|0x0000000089a00000, 0x0000000089b00000, 0x0000000089b00000|100%| E|CS|TAMS 0x0000000089a00000, 0x0000000089a00000| Complete 
|  97|0x0000000089b00000, 0x0000000089c00000, 0x0000000089c00000|100%| E|CS|TAMS 0x0000000089b00000, 0x0000000089b00000| Complete 
|  98|0x0000000089c00000, 0x0000000089d00000, 0x0000000089d00000|100%| E|CS|TAMS 0x0000000089c00000, 0x0000000089c00000| Complete 
|  99|0x0000000089d00000, 0x0000000089e00000, 0x0000000089e00000|100%| S|CS|TAMS 0x0000000089d00000, 0x0000000089d00000| Complete 
| 100|0x0000000089e00000, 0x0000000089f00000, 0x0000000089f00000|100%| S|CS|TAMS 0x0000000089e00000, 0x0000000089e00000| Complete 
| 101|0x0000000089f00000, 0x000000008a000000, 0x000000008a000000|100%| S|CS|TAMS 0x0000000089f00000, 0x0000000089f00000| Complete 
| 102|0x000000008a000000, 0x000000008a100000, 0x000000008a100000|100%| E|CS|TAMS 0x000000008a000000, 0x000000008a000000| Complete 
| 103|0x000000008a100000, 0x000000008a200000, 0x000000008a200000|100%| E|CS|TAMS 0x000000008a100000, 0x000000008a100000| Complete 
| 104|0x000000008a200000, 0x000000008a300000, 0x000000008a300000|100%| E|CS|TAMS 0x000000008a200000, 0x000000008a200000| Complete 
| 105|0x000000008a300000, 0x000000008a400000, 0x000000008a400000|100%| E|CS|TAMS 0x000000008a300000, 0x000000008a300000| Complete 
| 106|0x000000008a400000, 0x000000008a500000, 0x000000008a500000|100%| E|CS|TAMS 0x000000008a400000, 0x000000008a400000| Complete 
| 107|0x000000008a500000, 0x000000008a600000, 0x000000008a600000|100%| E|CS|TAMS 0x000000008a500000, 0x000000008a500000| Complete 
| 108|0x000000008a600000, 0x000000008a700000, 0x000000008a700000|100%| E|CS|TAMS 0x000000008a600000, 0x000000008a600000| Complete 
| 109|0x000000008a700000, 0x000000008a800000, 0x000000008a800000|100%| E|CS|TAMS 0x000000008a700000, 0x000000008a700000| Complete 
| 110|0x000000008a800000, 0x000000008a900000, 0x000000008a900000|100%| E|CS|TAMS 0x000000008a800000, 0x000000008a800000| Complete 
| 111|0x000000008a900000, 0x000000008aa00000, 0x000000008aa00000|100%| E|CS|TAMS 0x000000008a900000, 0x000000008a900000| Complete 
| 112|0x000000008aa00000, 0x000000008ab00000, 0x000000008ab00000|100%| E|CS|TAMS 0x000000008aa00000, 0x000000008aa00000| Complete 
| 113|0x000000008ab00000, 0x000000008ac00000, 0x000000008ac00000|100%| E|CS|TAMS 0x000000008ab00000, 0x000000008ab00000| Complete 
| 114|0x000000008ac00000, 0x000000008ad00000, 0x000000008ad00000|100%| E|CS|TAMS 0x000000008ac00000, 0x000000008ac00000| Complete 
| 115|0x000000008ad00000, 0x000000008ae00000, 0x000000008ae00000|100%| E|CS|TAMS 0x000000008ad00000, 0x000000008ad00000| Complete 
| 116|0x000000008ae00000, 0x000000008af00000, 0x000000008af00000|100%| E|CS|TAMS 0x000000008ae00000, 0x000000008ae00000| Complete 
| 117|0x000000008af00000, 0x000000008b000000, 0x000000008b000000|100%| E|CS|TAMS 0x000000008af00000, 0x000000008af00000| Complete 
| 118|0x000000008b000000, 0x000000008b100000, 0x000000008b100000|100%| E|CS|TAMS 0x000000008b000000, 0x000000008b000000| Complete 
| 119|0x000000008b100000, 0x000000008b200000, 0x000000008b200000|100%| E|CS|TAMS 0x000000008b100000, 0x000000008b100000| Complete 
| 120|0x000000008b200000, 0x000000008b300000, 0x000000008b300000|100%| E|CS|TAMS 0x000000008b200000, 0x000000008b200000| Complete 
| 121|0x000000008b300000, 0x000000008b400000, 0x000000008b400000|100%| E|CS|TAMS 0x000000008b300000, 0x000000008b300000| Complete 
| 122|0x000000008b400000, 0x000000008b500000, 0x000000008b500000|100%| E|CS|TAMS 0x000000008b400000, 0x000000008b400000| Complete 
| 123|0x000000008b500000, 0x000000008b600000, 0x000000008b600000|100%| E|CS|TAMS 0x000000008b500000, 0x000000008b500000| Complete 
| 124|0x000000008b600000, 0x000000008b700000, 0x000000008b700000|100%| E|CS|TAMS 0x000000008b600000, 0x000000008b600000| Complete 
| 125|0x000000008b700000, 0x000000008b800000, 0x000000008b800000|100%| E|CS|TAMS 0x000000008b700000, 0x000000008b700000| Complete 

Card table byte_map: [0x000002167f210000,0x000002167f600000] _byte_map_base: 0x000002167edf3000

Marking Bits (Prev, Next): (CMBitMap*) 0x0000021667685348, (CMBitMap*) 0x0000021667685380
 Prev Bits: [0x0000021600000000, 0x0000021601f18000)
 Next Bits: [0x0000021601f20000, 0x0000021603e38000)

Polling page: 0x0000021665590000

Metaspace:

Usage:
  Non-class:     15.95 MB capacity,    15.77 MB ( 99%) used,   151.84 KB ( <1%) free+waste,    22.63 KB ( <1%) overhead. 
      Class:      1.99 MB capacity,     1.93 MB ( 97%) used,    51.08 KB (  3%) free+waste,     9.50 KB ( <1%) overhead. 
       Both:     17.93 MB capacity,    17.70 MB ( 99%) used,   202.91 KB (  1%) free+waste,    32.13 KB ( <1%) overhead. 

Virtual space:
  Non-class space:       16.00 MB reserved,      16.00 MB (100%) committed 
      Class space:        1.00 GB reserved,       2.00 MB ( <1%) committed 
             Both:        1.02 GB reserved,      18.00 MB (  2%) committed 

Chunk freelists:
   Non-Class:  7.00 KB
       Class:  1.75 KB
        Both:  8.75 KB

CodeHeap 'non-profiled nmethods': size=120000Kb used=535Kb max_used=535Kb free=119464Kb
 bounds [0x00000216775c0000, 0x0000021677830000, 0x000002167eaf0000]
CodeHeap 'profiled nmethods': size=120000Kb used=2832Kb max_used=2832Kb free=117167Kb
 bounds [0x0000021670090000, 0x0000021670360000, 0x00000216775c0000]
CodeHeap 'non-nmethods': size=5760Kb used=1107Kb max_used=1124Kb free=4652Kb
 bounds [0x000002166faf0000, 0x000002166fd60000, 0x0000021670090000]
 total_blobs=1851 nmethods=1441 adapters=322
 compilation: enabled
              stopped_count=0, restarted_count=0
 full_count=0

Compilation events (10 events):
Event: 1.189 Thread 0x0000021606ca2800 1439       3       gherkin.deps.com.google.gson.internal.LinkedTreeMap::replaceInParent (75 bytes)
Event: 1.189 Thread 0x0000021606ca2800 nmethod 1439 0x0000021670351410 code [0x00000216703515e0, 0x0000021670351aa8]
Event: 1.190 Thread 0x0000021606ca2800 1441       3       java.util.zip.ZipFile$Source::getEntryPos (206 bytes)
Event: 1.190 Thread 0x0000021606ca2800 nmethod 1441 0x0000021670351c10 code [0x0000021670351e80, 0x0000021670352b18]
Event: 1.190 Thread 0x0000021606ca2800 1442       3       java.util.zip.ZipFile$Source::hash_append (7 bytes)
Event: 1.190 Thread 0x0000021606ca2800 nmethod 1442 0x0000021670353190 code [0x0000021670353320, 0x0000021670353418]
Event: 1.196 Thread 0x0000021606ca1800 nmethod 1434 0x0000021677644d10 code [0x0000021677644ec0, 0x0000021677645848]
Event: 1.196 Thread 0x0000021606ca1800 1440   !   4       java.net.URL::<init> (543 bytes)
Event: 1.210 Thread 0x0000021606ca2800 1447       3       jdk.internal.util.jar.JarIndex::get (49 bytes)
Event: 1.210 Thread 0x0000021606ca2800 nmethod 1447 0x0000021670353490 code [0x00000216703536c0, 0x0000021670353f68]

GC Heap History (2 events):
Event: 0.438 GC heap before
{Heap before GC invocations=0 (full 0):
 garbage-first heap   total 129024K, used 26624K [0x0000000083a00000, 0x0000000100000000)
  region size 1024K, 24 young (24576K), 0 survivors (0K)
 Metaspace       used 8422K, capacity 8557K, committed 8832K, reserved 1056768K
  class space    used 756K, capacity 812K, committed 896K, reserved 1048576K
}
Event: 0.444 GC heap after
{Heap after GC invocations=1 (full 0):
 garbage-first heap   total 129024K, used 12389K [0x0000000083a00000, 0x0000000100000000)
  region size 1024K, 3 young (3072K), 3 survivors (3072K)
 Metaspace       used 8422K, capacity 8557K, committed 8832K, reserved 1056768K
  class space    used 756K, capacity 812K, committed 896K, reserved 1048576K
}

Deoptimization events (10 events):
Event: 0.866 Thread 0x0000021667647800 Uncommon trap: reason=bimorphic_or_optimized_type_check action=maybe_recompile pc=0x000002167761678c method=java.util.HashMap.getNode(ILjava/lang/Object;)Ljava/util/HashMap$Node; @ 126 c2
Event: 0.866 Thread 0x0000021667647800 Uncommon trap: reason=bimorphic_or_optimized_type_check action=maybe_recompile pc=0x000002167761678c method=java.util.HashMap.getNode(ILjava/lang/Object;)Ljava/util/HashMap$Node; @ 126 c2
Event: 0.867 Thread 0x0000021667647800 Uncommon trap: reason=bimorphic_or_optimized_type_check action=maybe_recompile pc=0x00000216776192bc method=java.util.HashMap.getNode(ILjava/lang/Object;)Ljava/util/HashMap$Node; @ 126 c2
Event: 0.920 Thread 0x0000021667647800 Uncommon trap: reason=bimorphic_or_optimized_type_check action=maybe_recompile pc=0x0000021677623194 method=java.util.HashMap.putVal(ILjava/lang/Object;Ljava/lang/Object;ZZ)Ljava/lang/Object; @ 203 c2
Event: 0.920 Thread 0x0000021667647800 Uncommon trap: reason=bimorphic_or_optimized_type_check action=maybe_recompile pc=0x0000021677623194 method=java.util.HashMap.putVal(ILjava/lang/Object;Ljava/lang/Object;ZZ)Ljava/lang/Object; @ 203 c2
Event: 1.052 Thread 0x0000021667647800 Uncommon trap: reason=unstable_if action=reinterpret pc=0x000002167763b86c method=org.apache.commons.lang3.text.StrMatcher$StringMatcher.isMatch([CIII)I @ 13 c2
Event: 1.081 Thread 0x0000021667647800 Uncommon trap: reason=unstable_if action=reinterpret pc=0x00000216776358b8 method=java.lang.String.startsWith(Ljava/lang/String;I)Z @ 46 c2
Event: 1.081 Thread 0x0000021667647800 Uncommon trap: reason=unstable_if action=reinterpret pc=0x00000216775f94e4 method=java.lang.String.startsWith(Ljava/lang/String;I)Z @ 46 c2
Event: 1.179 Thread 0x0000021667647800 Uncommon trap: reason=unstable_if action=reinterpret pc=0x000002167761f2a8 method=java.lang.StringBuilder.toString()Ljava/lang/String; @ 4 c2
Event: 1.189 Thread 0x0000021667647800 Uncommon trap: reason=unstable_if action=reinterpret pc=0x00000216775f2054 method=java.util.zip.ZipFile$Source.getEntryPos([BZ)I @ 145 c2

Classes redefined (0 events):
No events

Internal exceptions (10 events):
Event: 1.198 Thread 0x0000021667647800 Exception <a 'java/lang/NoClassDefFoundError'{0x0000000088aac260}: com/sun/jna/Structure> (0x0000000088aac260) thrown at [./open/src/hotspot/share/classfile/systemDictionary.cpp, line 217]
Event: 1.202 Thread 0x0000021667647800 Exception <a 'java/lang/NoClassDefFoundError'{0x000000008895d970}: com/sun/jna/Library> (0x000000008895d970) thrown at [./open/src/hotspot/share/classfile/systemDictionary.cpp, line 217]
Event: 1.202 Thread 0x0000021667647800 Exception <a 'java/lang/NoClassDefFoundError'{0x0000000088974b00}: com/sun/jna/Library> (0x0000000088974b00) thrown at [./open/src/hotspot/share/classfile/systemDictionary.cpp, line 217]
Event: 1.203 Thread 0x0000021667647800 Exception <a 'java/lang/NoClassDefFoundError'{0x000000008898e158}: com/sun/jna/Structure> (0x000000008898e158) thrown at [./open/src/hotspot/share/classfile/systemDictionary.cpp, line 217]
Event: 1.208 Thread 0x0000021667647800 Exception <a 'java/lang/NoClassDefFoundError'{0x0000000088883478}: com/sun/jna/Structure> (0x0000000088883478) thrown at [./open/src/hotspot/share/classfile/systemDictionary.cpp, line 217]
Event: 1.210 Thread 0x0000021667647800 Exception <a 'java/lang/NoClassDefFoundError'{0x00000000888d77e0}: com/sun/jna/win32/StdCallLibrary> (0x00000000888d77e0) thrown at [./open/src/hotspot/share/classfile/systemDictionary.cpp, line 217]
Event: 1.210 Thread 0x0000021667647800 Exception <a 'java/lang/NoClassDefFoundError'{0x00000000888edbc0}: com/sun/jna/Library> (0x00000000888edbc0) thrown at [./open/src/hotspot/share/classfile/systemDictionary.cpp, line 217]
Event: 1.211 Thread 0x0000021667647800 Exception <a 'java/lang/NoClassDefFoundError'{0x0000000088725788}: com/sun/jna/win32/StdCallLibrary> (0x0000000088725788) thrown at [./open/src/hotspot/share/classfile/systemDictionary.cpp, line 217]
Event: 1.212 Thread 0x0000021667647800 Exception <a 'java/lang/NoClassDefFoundError'{0x000000008873dd78}: com/sun/jna/win32/StdCallLibrary> (0x000000008873dd78) thrown at [./open/src/hotspot/share/classfile/systemDictionary.cpp, line 217]
Event: 1.212 Thread 0x0000021667647800 Exception <a 'java/lang/NoClassDefFoundError'{0x00000000887567f8}: com/sun/jna/Structure> (0x00000000887567f8) thrown at [./open/src/hotspot/share/classfile/systemDictionary.cpp, line 217]

Events (10 events):
Event: 1.212 loading class net/bytebuddy/agent/VirtualMachine$Resolver
Event: 1.212 loading class net/bytebuddy/agent/VirtualMachine$Resolver done
Event: 1.213 loading class net/bytebuddy/agent/VirtualMachine$ForHotSpot$Connection$ForJnaPosixSocket$Factory
Event: 1.213 loading class net/bytebuddy/agent/VirtualMachine$ForHotSpot$Connection$ForJnaPosixSocket$Factory done
Event: 1.213 loading class net/bytebuddy/agent/ByteBuddyAgent$AttachmentProvider$ForEmulatedAttachment
Event: 1.213 loading class net/bytebuddy/agent/ByteBuddyAgent$AttachmentProvider$ForEmulatedAttachment done
Event: 1.213 loading class net/bytebuddy/agent/VirtualMachine$1
Event: 1.213 loading class net/bytebuddy/agent/VirtualMachine$1 done
Event: 1.213 loading class META-INF/versions/9/module-info
Event: 1.213 loading class META-INF/versions/9/module-info done


Dynamic libraries:
0x00007ff7520e0000 - 0x00007ff7520ef000 	C:\Program Files\Java\jdk-11.0.12\bin\java.exe
0x00007ffd2ef50000 - 0x00007ffd2f167000 	C:\WINDOWS\SYSTEM32\ntdll.dll
0x00007ffd2ee40000 - 0x00007ffd2ef04000 	C:\WINDOWS\System32\KERNEL32.DLL
0x00007ffd2c5a0000 - 0x00007ffd2c946000 	C:\WINDOWS\System32\KERNELBASE.dll
0x00007ffd2c480000 - 0x00007ffd2c591000 	C:\WINDOWS\System32\ucrtbase.dll
0x00007ffcf1e20000 - 0x00007ffcf1e38000 	C:\Program Files\Java\jdk-11.0.12\bin\jli.dll
0x00007ffcf1d70000 - 0x00007ffcf1d85000 	C:\Program Files\Java\jdk-11.0.12\bin\VCRUNTIME140.dll
0x00007ffd2d880000 - 0x00007ffd2d933000 	C:\WINDOWS\System32\ADVAPI32.dll
0x00007ffd2d940000 - 0x00007ffd2d9e7000 	C:\WINDOWS\System32\msvcrt.dll
0x00007ffd2d6b0000 - 0x00007ffd2d758000 	C:\WINDOWS\System32\sechost.dll
0x00007ffd2c330000 - 0x00007ffd2c358000 	C:\WINDOWS\System32\bcrypt.dll
0x00007ffd2d760000 - 0x00007ffd2d877000 	C:\WINDOWS\System32\RPCRT4.dll
0x00007ffd2e420000 - 0x00007ffd2e5ce000 	C:\WINDOWS\System32\USER32.dll
0x00007ffd2c290000 - 0x00007ffd2c2b6000 	C:\WINDOWS\System32\win32u.dll
0x00007ffd0e300000 - 0x00007ffd0e593000 	C:\WINDOWS\WinSxS\amd64_microsoft.windows.common-controls_6595b64144ccf1df_6.0.22621.2506_none_270c5ae97388e100\COMCTL32.dll
0x00007ffd2e5d0000 - 0x00007ffd2e5f9000 	C:\WINDOWS\System32\GDI32.dll
0x00007ffd2c360000 - 0x00007ffd2c478000 	C:\WINDOWS\System32\gdi32full.dll
0x00007ffd2c950000 - 0x00007ffd2c9ea000 	C:\WINDOWS\System32\msvcp_win.dll
0x00007ffd24410000 - 0x00007ffd2441a000 	C:\WINDOWS\SYSTEM32\VERSION.dll
0x00007ffd2e280000 - 0x00007ffd2e2b1000 	C:\WINDOWS\System32\IMM32.DLL
0x00007ffce3a30000 - 0x00007ffce3acb000 	C:\Program Files\Java\jdk-11.0.12\bin\msvcp140.dll
0x00007ffc8eb40000 - 0x00007ffc8f63f000 	C:\Program Files\Java\jdk-11.0.12\bin\server\jvm.dll
0x00007ffd2e170000 - 0x00007ffd2e178000 	C:\WINDOWS\System32\PSAPI.DLL
0x00007ffd27640000 - 0x00007ffd27649000 	C:\WINDOWS\SYSTEM32\WSOCK32.dll
0x00007ffd24450000 - 0x00007ffd24484000 	C:\WINDOWS\SYSTEM32\WINMM.dll
0x00007ffd2e3a0000 - 0x00007ffd2e411000 	C:\WINDOWS\System32\WS2_32.dll
0x00007ffd2b290000 - 0x00007ffd2b2a8000 	C:\WINDOWS\SYSTEM32\kernel.appcore.dll
0x00007ffd0ea20000 - 0x00007ffd0ea30000 	C:\Program Files\Java\jdk-11.0.12\bin\verify.dll
0x00007ffd29840000 - 0x00007ffd29a73000 	C:\WINDOWS\SYSTEM32\DBGHELP.DLL
0x00007ffd2dc40000 - 0x00007ffd2dfc9000 	C:\WINDOWS\System32\combase.dll
0x00007ffd2e8e0000 - 0x00007ffd2e9b7000 	C:\WINDOWS\System32\OLEAUT32.dll
0x00007ffd05520000 - 0x00007ffd05552000 	C:\WINDOWS\SYSTEM32\dbgcore.DLL
0x00007ffd2cab0000 - 0x00007ffd2cb2a000 	C:\WINDOWS\System32\bcryptPrimitives.dll
0x00007ffceabe0000 - 0x00007ffceac08000 	C:\Program Files\Java\jdk-11.0.12\bin\java.dll
0x00007ffd0b4e0000 - 0x00007ffd0b4ea000 	C:\Program Files\Java\jdk-11.0.12\bin\jimage.dll
0x0000000180000000 - 0x000000018002c000 	C:\WINDOWS\SYSTEM32\jvmhook.dll
0x00007ffd2dfd0000 - 0x00007ffd2e170000 	C:\WINDOWS\System32\ole32.dll
0x00007ffd087c0000 - 0x00007ffd087cc000 	C:\WINDOWS\SYSTEM32\VCRUNTIME140_1.dll
0x00007ffceabc0000 - 0x00007ffceabd6000 	C:\Program Files\Java\jdk-11.0.12\bin\zip.dll
0x00007ffd2cca0000 - 0x00007ffd2d4fa000 	C:\WINDOWS\System32\SHELL32.dll
0x00007ffd2a190000 - 0x00007ffd2aa86000 	C:\WINDOWS\SYSTEM32\windows.storage.dll
0x00007ffd2a050000 - 0x00007ffd2a18e000 	C:\WINDOWS\SYSTEM32\wintypes.dll
0x00007ffd2e180000 - 0x00007ffd2e273000 	C:\WINDOWS\System32\SHCORE.dll
0x00007ffd2d650000 - 0x00007ffd2d6ae000 	C:\WINDOWS\System32\shlwapi.dll
0x00007ffd2c1c0000 - 0x00007ffd2c1e6000 	C:\WINDOWS\SYSTEM32\profapi.dll
0x00007ffce9fb0000 - 0x00007ffce9fc9000 	C:\Program Files\Java\jdk-11.0.12\bin\net.dll
0x00007ffd264a0000 - 0x00007ffd265d7000 	C:\WINDOWS\SYSTEM32\WINHTTP.dll
0x00007ffd2b720000 - 0x00007ffd2b789000 	C:\WINDOWS\system32\mswsock.dll
0x00007ffce9590000 - 0x00007ffce95a2000 	C:\Program Files\Java\jdk-11.0.12\bin\nio.dll
0x00007ffd25590000 - 0x00007ffd25599000 	C:\Program Files\Java\jdk-11.0.12\bin\management.dll
0x00007ffd12c00000 - 0x00007ffd12c0b000 	C:\Program Files\Java\jdk-11.0.12\bin\management_ext.dll

dbghelp: loaded successfully - version: 4.0.5 - missing functions: none
symbol engine: initialized successfully - sym options: 0x614 - pdb path: .;C:\Program Files\Java\jdk-11.0.12\bin;C:\WINDOWS\SYSTEM32;C:\WINDOWS\WinSxS\amd64_microsoft.windows.common-controls_6595b64144ccf1df_6.0.22621.2506_none_270c5ae97388e100;C:\Program Files\Java\jdk-11.0.12\bin\server

VM Arguments:
jvm_args: -agentlib:jvmhook -Xrunjvmhook -Xbootclasspath/a:C:\Program Files (x86)\OpenText\UFT Developer\bin\java_shared\classes;C:\Program Files (x86)\OpenText\UFT Developer\bin\java_shared\classes\jasmine.jar 
java_command: C:\Users\monro\AppData\Local\Temp\surefire6082249529875503478\surefirebooter-20240123140126266_3.jar C:\Users\monro\AppData\Local\Temp\surefire6082249529875503478 2024-01-23T14-01-25_949-jvmRun1 surefire-20240123140126266_1tmp surefire_0-20240123140126266_2tmp
java_class_path (initial): C:\Users\monro\AppData\Local\Temp\surefire6082249529875503478\surefirebooter-20240123140126266_3.jar
Launcher Type: SUN_STANDARD

[Global flags]
     intx CICompilerCount                          = 4                                         {product} {ergonomic}
     uint ConcGCThreads                            = 2                                         {product} {ergonomic}
     uint G1ConcRefinementThreads                  = 8                                         {product} {ergonomic}
   size_t G1HeapRegionSize                         = 1048576                                   {product} {ergonomic}
    uintx GCDrainStackTargetSize                   = 64                                        {product} {ergonomic}
   size_t InitialHeapSize                          = 132120576                                 {product} {ergonomic}
   size_t MarkStackSize                            = 4194304                                   {product} {ergonomic}
   size_t MaxHeapSize                              = 2086666240                                {product} {ergonomic}
   size_t MaxNewSize                               = 1251999744                                {product} {ergonomic}
   size_t MinHeapDeltaBytes                        = 1048576                                   {product} {ergonomic}
    uintx NonNMethodCodeHeapSize                   = 5836300                                {pd product} {ergonomic}
    uintx NonProfiledCodeHeapSize                  = 122910970                              {pd product} {ergonomic}
    uintx ProfiledCodeHeapSize                     = 122910970                              {pd product} {ergonomic}
    uintx ReservedCodeCacheSize                    = 251658240                              {pd product} {ergonomic}
     bool SegmentedCodeCache                       = true                                      {product} {ergonomic}
     bool UseCompressedClassPointers               = true                                 {lp64_product} {ergonomic}
     bool UseCompressedOops                        = true                                 {lp64_product} {ergonomic}
     bool UseG1GC                                  = true                                      {product} {ergonomic}
     bool UseLargePagesIndividualAllocation        = false                                  {pd product} {ergonomic}

Logging:
Log output configuration:
 #0: stdout all=warning uptime,level,tags
 #1: stderr all=off uptime,level,tags

Environment Variables:
JAVA_TOOL_OPTIONS=-agentlib:jvmhook
_JAVA_OPTIONS=-Xrunjvmhook -Xbootclasspath/a:"C:\Program Files (x86)\OpenText\UFT Developer\bin\java_shared\classes";"C:\Program Files (x86)\OpenText\UFT Developer\bin\java_shared\classes\jasmine.jar"
PATH=C:\Program Files\Common Files\Oracle\Java\javapath;C:\WINDOWS\system32;C:\WINDOWS;C:\WINDOWS\System32\Wbem;C:\WINDOWS\System32\WindowsPowerShell\v1.0\;C:\WINDOWS\System32\OpenSSH\;C:\Program Files (x86)\dotnet\;C:\Program Files\dotnet\;C:\Program Files\nodejs\;C:\Program Files (x86)\OpenText\UFT Developer\bin;C:\apache-maven-3.9.6-bin\apache-maven-3.9.6\bin;C:\Users\monro\AppData\Local\Microsoft\WindowsApps;C:\Users\monro\AppData\Roaming\npm
USERNAME=monro
OS=Windows_NT
PROCESSOR_IDENTIFIER=Intel64 Family 6 Model 140 Stepping 1, GenuineIntel



---------------  S Y S T E M  ---------------

OS: Windows 10 , 64 bit Build 22621 (10.0.22621.2506)
Hyper-V role detected

CPU:total 8 (initial active 8) (4 cores per cpu, 2 threads per core) family 6 model 140 stepping 1 microcode 0x9a, cmov, cx8, fxsr, mmx, sse, sse2, sse3, ssse3, sse4.1, sse4.2, popcnt, avx, avx2, aes, clmul, erms, 3dnowpref, lzcnt, ht, tsc, tscinvbit, bmi1, bmi2, adx, evex, sha, fma

Memory: 4k page, system-wide physical 7959M (323M free)
TotalPageFile size 22295M (AvailPageFile size 6686M)
current process WorkingSet (physical memory assigned to process): 132M, peak: 132M
current process commit charge ("private bytes"): 245M, peak: 245M

vm_info: Java HotSpot(TM) 64-Bit Server VM (11.0.12+8-LTS-237) for windows-amd64 JRE (11.0.12+8-LTS-237), built on Jun  8 2021 11:25:59 by "mach5one" with MS VC++ 15.9 (VS2017)

END.
